I, [2023-04-19T00:14:24.545483 #25754]  INFO -- Kitchen: -----> Starting Test Kitchen (v3.5.0)
I, [2023-04-19T00:14:24.969134 #25754]  INFO -- Kitchen: -----> Cleaning up any prior instances of <default-Ubuntu>
I, [2023-04-19T00:14:24.970111 #25754]  INFO -- Kitchen: -----> Destroying <default-Ubuntu>...
I, [2023-04-19T00:14:24.970905 #25754]  INFO -- Kitchen: [Docker] Destroying Docker container f41ced71c241981ab89c3b5a9a9a909665cb86ff80ecc0e76cccc64451895ea0
I, [2023-04-19T00:14:25.098561 #25754]  INFO -- Kitchen: UID                 PID                 PPID                C                   STIME               TTY                 TIME                CMD
I, [2023-04-19T00:14:25.098627 #25754]  INFO -- Kitchen: root                22870               22839               0                   00:06               ?                   00:00:00            sshd: /usr/sbin/sshd -D -o UseDNS=no -o UsePAM=no -o PasswordAuthentication=yes -o UsePrivilegeSeparation=no -o PidFile=/tmp/sshd.pid [listener] 0 of 10-100 startups
I, [2023-04-19T00:14:25.677595 #25754]  INFO -- Kitchen: f41ced71c241981ab89c3b5a9a9a909665cb86ff80ecc0e76cccc64451895ea0
I, [2023-04-19T00:14:26.821645 #25754]  INFO -- Kitchen: f41ced71c241981ab89c3b5a9a9a909665cb86ff80ecc0e76cccc64451895ea0
I, [2023-04-19T00:14:26.835649 #25754]  INFO -- Kitchen: -----> Testing <default-Ubuntu>
I, [2023-04-19T00:14:26.836343 #25754]  INFO -- Kitchen: -----> Creating <default-Ubuntu>...
I, [2023-04-19T00:14:27.297068 #25754]  INFO -- Kitchen: #1 [internal] load .dockerignore
I, [2023-04-19T00:14:27.297159 #25754]  INFO -- Kitchen: #1 transferring context: 2B done
I, [2023-04-19T00:14:27.297177 #25754]  INFO -- Kitchen: #1 DONE 0.0s
I, [2023-04-19T00:14:27.297223 #25754]  INFO -- Kitchen: 
I, [2023-04-19T00:14:27.297244 #25754]  INFO -- Kitchen: #2 [internal] load build definition from Dockerfile-kitchen20230419-25754-1pgae5i
I, [2023-04-19T00:14:27.297278 #25754]  INFO -- Kitchen: #2 transferring dockerfile: 1.52kB 0.0s done
I, [2023-04-19T00:14:27.297339 #25754]  INFO -- Kitchen: #2 DONE 0.1s
I, [2023-04-19T00:14:27.448086 #25754]  INFO -- Kitchen: 
I, [2023-04-19T00:14:27.448148 #25754]  INFO -- Kitchen: #3 [internal] load metadata for docker.io/library/ubuntu:20.04
I, [2023-04-19T00:14:28.277686 #25754]  INFO -- Kitchen: #3 DONE 0.9s
I, [2023-04-19T00:14:28.277739 #25754]  INFO -- Kitchen: 
I, [2023-04-19T00:14:28.277756 #25754]  INFO -- Kitchen: #4 [ 1/15] FROM docker.io/library/ubuntu:20.04@sha256:db8bf6f4fb351aa7a26e27ba2686cf35a6a409f65603e59d4c203e58387dc6b3
I, [2023-04-19T00:14:28.277776 #25754]  INFO -- Kitchen: #4 DONE 0.0s
I, [2023-04-19T00:14:28.277788 #25754]  INFO -- Kitchen: 
I, [2023-04-19T00:14:28.277804 #25754]  INFO -- Kitchen: #5 [12/15] RUN chown kitchen /home/kitchen/.ssh/authorized_keys
I, [2023-04-19T00:14:28.277830 #25754]  INFO -- Kitchen: #5 CACHED
I, [2023-04-19T00:14:28.277852 #25754]  INFO -- Kitchen: 
I, [2023-04-19T00:14:28.277864 #25754]  INFO -- Kitchen: #6 [ 8/15] RUN mkdir -p /home/kitchen/.ssh
I, [2023-04-19T00:14:28.277876 #25754]  INFO -- Kitchen: #6 CACHED
I, [2023-04-19T00:14:28.277887 #25754]  INFO -- Kitchen: 
I, [2023-04-19T00:14:28.277903 #25754]  INFO -- Kitchen: #7 [ 3/15] RUN apt-get update
I, [2023-04-19T00:14:28.277922 #25754]  INFO -- Kitchen: #7 CACHED
I, [2023-04-19T00:14:28.277934 #25754]  INFO -- Kitchen: 
I, [2023-04-19T00:14:28.277944 #25754]  INFO -- Kitchen: #8 [ 6/15] RUN echo "kitchen ALL=(ALL) NOPASSWD: ALL" >> /etc/sudoers.d/kitchen
I, [2023-04-19T00:14:28.277961 #25754]  INFO -- Kitchen: #8 CACHED
I, [2023-04-19T00:14:28.277971 #25754]  INFO -- Kitchen: 
I, [2023-04-19T00:14:28.277989 #25754]  INFO -- Kitchen: #9 [ 9/15] RUN chown -R kitchen /home/kitchen/.ssh
I, [2023-04-19T00:14:28.278002 #25754]  INFO -- Kitchen: #9 CACHED
I, [2023-04-19T00:14:28.278025 #25754]  INFO -- Kitchen: 
I, [2023-04-19T00:14:28.278035 #25754]  INFO -- Kitchen: #10 [10/15] RUN chmod 0700 /home/kitchen/.ssh
I, [2023-04-19T00:14:28.278049 #25754]  INFO -- Kitchen: #10 CACHED
I, [2023-04-19T00:14:28.278067 #25754]  INFO -- Kitchen: 
I, [2023-04-19T00:14:28.278077 #25754]  INFO -- Kitchen: #11 [11/15] RUN touch /home/kitchen/.ssh/authorized_keys
I, [2023-04-19T00:14:28.278102 #25754]  INFO -- Kitchen: #11 CACHED
I, [2023-04-19T00:14:28.278119 #25754]  INFO -- Kitchen: 
I, [2023-04-19T00:14:28.278167 #25754]  INFO -- Kitchen: #12 [ 5/15] RUN if ! getent passwd kitchen; then                   useradd -d /home/kitchen -m -s /bin/bash -p '*' kitchen;                 fi
I, [2023-04-19T00:14:28.278192 #25754]  INFO -- Kitchen: #12 CACHED
I, [2023-04-19T00:14:28.278204 #25754]  INFO -- Kitchen: 
I, [2023-04-19T00:14:28.278214 #25754]  INFO -- Kitchen: #13 [ 7/15] RUN echo "Defaults !requiretty" >> /etc/sudoers.d/kitchen
I, [2023-04-19T00:14:28.278231 #25754]  INFO -- Kitchen: #13 CACHED
I, [2023-04-19T00:14:28.278249 #25754]  INFO -- Kitchen: 
I, [2023-04-19T00:14:28.278258 #25754]  INFO -- Kitchen: #14 [ 4/15] RUN apt-get install -y sudo openssh-server curl lsb-release
I, [2023-04-19T00:14:28.278272 #25754]  INFO -- Kitchen: #14 CACHED
I, [2023-04-19T00:14:28.278287 #25754]  INFO -- Kitchen: 
I, [2023-04-19T00:14:28.278303 #25754]  INFO -- Kitchen: #15 [14/15] RUN mkdir -p /run/sshd
I, [2023-04-19T00:14:28.278321 #25754]  INFO -- Kitchen: #15 CACHED
I, [2023-04-19T00:14:28.279227 #25754]  INFO -- Kitchen: 
I, [2023-04-19T00:14:28.279244 #25754]  INFO -- Kitchen: #16 [13/15] RUN chmod 0600 /home/kitchen/.ssh/authorized_keys
I, [2023-04-19T00:14:28.279254 #25754]  INFO -- Kitchen: #16 CACHED
I, [2023-04-19T00:14:28.279262 #25754]  INFO -- Kitchen: 
I, [2023-04-19T00:14:28.279275 #25754]  INFO -- Kitchen: #17 [ 2/15] RUN [ ! -f "/sbin/initctl" ] || dpkg-divert --local --rename --add /sbin/initctl                 && ln -sf /bin/true /sbin/initctl
I, [2023-04-19T00:14:28.279285 #25754]  INFO -- Kitchen: #17 CACHED
I, [2023-04-19T00:14:28.279294 #25754]  INFO -- Kitchen: 
I, [2023-04-19T00:14:28.279305 #25754]  INFO -- Kitchen: #18 [15/15] RUN echo ssh-rsa AAAAB3NzaC1yc2EAAAADAQABAAABAQDlO9+NQJkAVeAM+rIWtJXNrEpW8CHPEPj4H1McdlkNoD5XM1e3TToSM/Lgd04FOLKwS9GgDjIkDQfRYweKH3tcDfzF5yBoJ6MjkZZJIfzHpzP2RuJ88M/aNR7vQ+fXKUqOCeAclKlnKU5twVTsxYrcX5W4BLeoNqIWi6a/d43V7gYTWMpZQTGjTO291tT0pDD2ggHO5UbSF2L4sUSPN6dbOxCeBqclhS4vSZBSb8dHks5ASJdAu/Jbt1yF89chuj13XGL59E3+w19VIRu0fvh0uE48U2dCYkRvHYnCpiTj0TIRTWsXgXT1bQu/PAEc47BojMhHslzCs4e7p3aUyjAH kitchen_docker_key >> /home/kitchen/.ssh/authorized_keys
I, [2023-04-19T00:14:28.279315 #25754]  INFO -- Kitchen: #18 CACHED
I, [2023-04-19T00:14:28.279323 #25754]  INFO -- Kitchen: 
I, [2023-04-19T00:14:28.279331 #25754]  INFO -- Kitchen: #19 exporting to image
I, [2023-04-19T00:14:28.279339 #25754]  INFO -- Kitchen: #19 exporting layers done
I, [2023-04-19T00:14:28.279348 #25754]  INFO -- Kitchen: #19 writing image sha256:ab4291d6504cf99d404712662337d1a73477a12b57a9e4f2d0d3c35851f18dda done
I, [2023-04-19T00:14:28.279359 #25754]  INFO -- Kitchen: #19 DONE 0.0s
I, [2023-04-19T00:14:28.584011 #25754]  INFO -- Kitchen: e8b16edf4ee5b3b585603a4ecf1a9a8078453a2c3340f12f4a96c9aef1c119da
I, [2023-04-19T00:14:29.209888 #25754]  INFO -- Kitchen: 0.0.0.0:32772
I, [2023-04-19T00:14:29.209961 #25754]  INFO -- Kitchen: [::]:32772
I, [2023-04-19T00:14:29.317496 #25754]  INFO -- Kitchen: -----> Converging <default-Ubuntu>...
I, [2023-04-19T00:20:29.907091 #25754]  INFO -- Kitchen: -----> Setting up <default-Ubuntu>...
I, [2023-04-19T00:20:29.910769 #25754]  INFO -- Kitchen: -----> Verifying <default-Ubuntu>...
I, [2023-04-19T00:20:38.314765 #25754]  INFO -- Kitchen: -----> Destroying <default-Ubuntu>...
I, [2023-04-19T00:20:38.315501 #25754]  INFO -- Kitchen: [Docker] Destroying Docker container e8b16edf4ee5b3b585603a4ecf1a9a8078453a2c3340f12f4a96c9aef1c119da
I, [2023-04-19T00:20:38.472366 #25754]  INFO -- Kitchen: UID                 PID                 PPID                C                   STIME               TTY                 TIME                CMD
I, [2023-04-19T00:20:38.474399 #25754]  INFO -- Kitchen: root                26030               26010               0                   00:14               ?                   00:00:00            sshd: /usr/sbin/sshd -D -o UseDNS=no -o UsePAM=no -o PasswordAuthentication=yes -o UsePrivilegeSeparation=no -o PidFile=/tmp/sshd.pid [listener] 0 of 10-100 startups
I, [2023-04-19T00:20:38.474584 #25754]  INFO -- Kitchen: root                26076               26030               0                   00:14               ?                   00:00:00            sshd: kitchen [priv]
I, [2023-04-19T00:20:38.474622 #25754]  INFO -- Kitchen: vagrant             26078               26076               0                   00:14               ?                   00:00:00            sshd: kitchen@notty
I, [2023-04-19T00:20:38.474656 #25754]  INFO -- Kitchen: root                29068               26030               0                   00:20               ?                   00:00:00            nginx: master process /usr/sbin/nginx
I, [2023-04-19T00:20:38.474674 #25754]  INFO -- Kitchen: www-data            29069               29068               0                   00:20               ?                   00:00:00            nginx: worker process
I, [2023-04-19T00:20:39.196048 #25754]  INFO -- Kitchen: e8b16edf4ee5b3b585603a4ecf1a9a8078453a2c3340f12f4a96c9aef1c119da
I, [2023-04-19T00:20:40.764808 #25754]  INFO -- Kitchen: e8b16edf4ee5b3b585603a4ecf1a9a8078453a2c3340f12f4a96c9aef1c119da
I, [2023-04-19T00:20:40.779171 #25754]  INFO -- Kitchen: -----> Test Kitchen is finished. (6m16.23s)
